c:\users\alberto-pc\documents\visual studio 2015\projects\middleware\middleware\debug\vc140.pdb
c:\users\alberto-pc\documents\visual studio 2015\projects\middleware\middleware\debug\vc140.idb
c:\users\alberto-pc\documents\visual studio 2015\projects\middleware\middleware\debug\apdurequest.obj
c:\users\alberto-pc\documents\visual studio 2015\projects\middleware\middleware\debug\apduresponse.obj
c:\users\alberto-pc\documents\visual studio 2015\projects\middleware\middleware\debug\aplicationspecificinfo.obj
c:\users\alberto-pc\documents\visual studio 2015\projects\middleware\middleware\debug\benchmark.obj
c:\users\alberto-pc\documents\visual studio 2015\projects\middleware\middleware\debug\card.obj
c:\users\alberto-pc\documents\visual studio 2015\projects\middleware\middleware\debug\cardsession.obj
c:\users\alberto-pc\documents\visual studio 2015\projects\middleware\middleware\debug\cipheroffcard.obj
c:\users\alberto-pc\documents\visual studio 2015\projects\middleware\middleware\debug\configuration.obj
c:\users\alberto-pc\documents\visual studio 2015\projects\middleware\middleware\debug\corelatedtestattack.obj
c:\users\alberto-pc\documents\visual studio 2015\projects\middleware\middleware\debug\issuer.obj
c:\users\alberto-pc\documents\visual studio 2015\projects\middleware\middleware\debug\issuerparameters.obj
c:\users\alberto-pc\documents\visual studio 2015\projects\middleware\middleware\debug\prover.obj
c:\users\alberto-pc\documents\visual studio 2015\projects\middleware\middleware\debug\selectionapdu.obj
c:\users\alberto-pc\documents\visual studio 2015\projects\middleware\middleware\debug\singleautomatictest.obj
c:\users\alberto-pc\documents\visual studio 2015\projects\middleware\middleware\debug\smartcardexception.obj
c:\users\alberto-pc\documents\visual studio 2015\projects\middleware\middleware\debug\statussw.obj
c:\users\alberto-pc\documents\visual studio 2015\projects\middleware\middleware\debug\apdu.obj
c:\users\alberto-pc\documents\visual studio 2015\projects\middleware\middleware\debug\testcase.obj
c:\users\alberto-pc\documents\visual studio 2015\projects\middleware\middleware\debug\testcaseexception.obj
c:\users\alberto-pc\documents\visual studio 2015\projects\middleware\middleware\debug\timer.obj
c:\users\alberto-pc\documents\visual studio 2015\projects\middleware\middleware\debug\middleware.tlog\cl.command.1.tlog
c:\users\alberto-pc\documents\visual studio 2015\projects\middleware\middleware\debug\middleware.tlog\cl.read.1.tlog
c:\users\alberto-pc\documents\visual studio 2015\projects\middleware\middleware\debug\middleware.tlog\cl.write.1.tlog
