  Timer.cpp
  TestCaseException.cpp
  TestCase.cpp
  StatusSW.cpp
  SmartCardException.cpp
  SingleAutomaticTest.cpp
  SelectionApdu.cpp
c:\users\alberto-pc\documents\visual studio 2015\projects\middleware\middleware\selectionapdu.cpp(8): warning C4244: '=': conversion from 'word' to 'byte', possible loss of data
  Prover.cpp
  main.cpp
  IssuerParameters.cpp
  Issuer.cpp
  CorelatedTestAttack.cpp
  Configuration.cpp
  CipherOffCard.cpp
  CardSession.cpp
  Card.cpp
c:\users\alberto-pc\documents\visual studio 2015\projects\middleware\middleware\card.cpp(77): warning C4244: 'argument': conversion from 'word' to 'byte', possible loss of data
  Benchmark.cpp
  AplicationSpecificInfo.cpp
c:\users\alberto-pc\documents\visual studio 2015\projects\middleware\middleware\aplicationspecificinfo.cpp(23): warning C4018: '<': signed/unsigned mismatch
  ApduResponse.cpp
  ApduRequest.cpp
c:\users\alberto-pc\documents\visual studio 2015\projects\middleware\middleware\apdurequest.cpp(52): warning C4244: '=': conversion from 'word' to 'byte', possible loss of data
c:\users\alberto-pc\documents\visual studio 2015\projects\middleware\middleware\apdurequest.cpp(57): warning C4267: '=': conversion from 'size_t' to 'byte', possible loss of data
  Generating Code...
  Compiling...
  Apdu.cpp
  Generating Code...
  Middleware.vcxproj -> C:\Users\Alberto-PC\Documents\Visual Studio 2015\Projects\Middleware\Debug\Middleware.exe
  Middleware.vcxproj -> C:\Users\Alberto-PC\Documents\Visual Studio 2015\Projects\Middleware\Debug\Middleware.pdb (Partial PDB)
